<?xml version="1.0" encoding="UTF-8"?>
<testsuite name="calculadora Rest" tests="1" skipped="0" failures="0" errors="0" timestamp="2023-05-03T03:22:59" hostname="SQABOG-TGP4980" time="4.101">
  <properties/>
  <testcase name="Envio de suma exitosa" classname="calculadora Rest" time="4.101"/>
  <system-out><![CDATA[{expr=7+9, precision=3}
200
200
16
result
]]></system-out>
  <system-err><![CDATA[[Test worker] INFO net.thucydides.core.steps.ConsoleLoggingListener - 
        __    _____ _____ ____ _____   ____   _    ____  ____  _____ ____  
  _     \ \  |_   _| ____/ ___|_   _| |  _ \ / \  / ___|/ ___|| ____|  _ \ 
 (_)_____| |   | | |  _| \___ \ | |   | |_) / _ \ \___ \\___ \|  _| | | | |
  _|_____| |   | | | |___ ___) || |   |  __/ ___ \ ___) |___) | |___| |_| |
 (_)     | |   |_| |_____|____/ |_|   |_| /_/   \_\____/|____/|_____|____/ 
        /_/                                                                

TEST PASSED: Envio de suma exitosa
----------------------------------------------------------------------------
]]></system-err>
</testsuite>
